# JRE version: Java(TM) SE Runtime Environment (8.0_65-b17) (build 1.8.0_65-b17)
# Java VM: Java HotSpot(TM) 64-Bit Server VM (25.65-b01 mixed mode windows-amd64 compressed oops)
Heap:
 PSYoungGen      total 143872K, used 49979K [0x00000000d5d00000, 0x00000000df600000, 0x0000000100000000)
  eden space 132608K, 37% used [0x00000000d5d00000,0x00000000d8dcedd0,0x00000000dde80000)
  from space 11264K, 0% used [0x00000000dea00000,0x00000000dea00000,0x00000000df500000)
  to   space 11776K, 0% used [0x00000000dde80000,0x00000000dde80000,0x00000000dea00000)
 ParOldGen       total 55296K, used 9536K [0x0000000081600000, 0x0000000084c00000, 0x00000000d5d00000)
  object space 55296K, 17% used [0x0000000081600000,0x0000000081f50278,0x0000000084c00000)
 Metaspace       used 24994K, capacity 25182K, committed 25344K, reserved 1071104K
  class space    used 3023K, capacity 3068K, committed 3072K, reserved 1048576K
GC Heap History (10 events):
Event: 3.003 GC heap before
{Heap before GC invocations=3 (full 0):
 PSYoungGen      total 38400K, used 38393K [0x00000000d5d00000, 0x00000000da800000, 0x0000000100000000)
  eden space 33280K, 100% used [0x00000000d5d00000,0x00000000d7d80000,0x00000000d7d80000)
  from space 5120K, 99% used [0x00000000d8280000,0x00000000d877e6e0,0x00000000d8780000)
  to   space 5120K, 0% used [0x00000000d7d80000,0x00000000d7d80000,0x00000000d8280000)
 ParOldGen       total 87552K, used 8086K [0x0000000081600000, 0x0000000086b80000, 0x00000000d5d00000)
  object space 87552K, 9% used [0x0000000081600000,0x0000000081de5a00,0x0000000086b80000)
 Metaspace       used 17264K, capacity 17416K, committed 17536K, reserved 1064960K
  class space    used 2087K, capacity 2131K, committed 2176K, reserved 1048576K
Event: 3.016 GC heap after
Heap after GC invocations=3 (full 0):
 PSYoungGen      total 38400K, used 5113K [0x00000000d5d00000, 0x00000000da800000, 0x0000000100000000)
  eden space 33280K, 0% used [0x00000000d5d00000,0x00000000d5d00000,0x00000000d7d80000)
  from space 5120K, 99% used [0x00000000d7d80000,0x00000000d827e6d0,0x00000000d8280000)
  to   space 5120K, 0% used [0x00000000da300000,0x00000000da300000,0x00000000da800000)
 ParOldGen       total 87552K, used 11029K [0x0000000081600000, 0x0000000086b80000, 0x00000000d5d00000)
  object space 87552K, 12% used [0x0000000081600000,0x00000000820c5530,0x0000000086b80000)
 Metaspace       used 17264K, capacity 17416K, committed 17536K, reserved 1064960K
  class space    used 2087K, capacity 2131K, committed 2176K, reserved 1048576K
}
Event: 3.586 GC heap before
{Heap before GC invocations=4 (full 0):
 PSYoungGen      total 38400K, used 38393K [0x00000000d5d00000, 0x00000000da800000, 0x0000000100000000)
  eden space 33280K, 100% used [0x00000000d5d00000,0x00000000d7d80000,0x00000000d7d80000)
  from space 5120K, 99% used [0x00000000d7d80000,0x00000000d827e6d0,0x00000000d8280000)
  to   space 5120K, 0% used [0x00000000da300000,0x00000000da300000,0x00000000da800000)
 ParOldGen       total 87552K, used 11029K [0x0000000081600000, 0x0000000086b80000, 0x00000000d5d00000)
  object space 87552K, 12% used [0x0000000081600000,0x00000000820c5530,0x0000000086b80000)
 Metaspace       used 17397K, capacity 17576K, committed 17792K, reserved 1064960K
  class space    used 2095K, capacity 2163K, committed 2176K, reserved 1048576K
Event: 3.594 GC heap after
Heap after GC invocations=4 (full 0):
 PSYoungGen      total 71680K, used 5118K [0x00000000d5d00000, 0x00000000da800000, 0x0000000100000000)
  eden space 66560K, 0% used [0x00000000d5d00000,0x00000000d5d00000,0x00000000d9e00000)
  from space 5120K, 99% used [0x00000000da300000,0x00000000da7ffab0,0x00000000da800000)
  to   space 5120K, 0% used [0x00000000d9e00000,0x00000000d9e00000,0x00000000da300000)
 ParOldGen       total 87552K, used 11224K [0x0000000081600000, 0x0000000086b80000, 0x00000000d5d00000)
  object space 87552K, 12% used [0x0000000081600000,0x00000000820f6150,0x0000000086b80000)
 Metaspace       used 17397K, capacity 17576K, committed 17792K, reserved 1064960K
  class space    used 2095K, capacity 2163K, committed 2176K, reserved 1048576K
}
Event: 5.224 GC heap before
{Heap before GC invocations=5 (full 0):
 PSYoungGen      total 71680K, used 71678K [0x00000000d5d00000, 0x00000000da800000, 0x0000000100000000)
  eden space 66560K, 100% used [0x00000000d5d00000,0x00000000d9e00000,0x00000000d9e00000)
  from space 5120K, 99% used [0x00000000da300000,0x00000000da7ffab0,0x00000000da800000)
  to   space 5120K, 0% used [0x00000000d9e00000,0x00000000d9e00000,0x00000000da300000)
 ParOldGen       total 87552K, used 11224K [0x0000000081600000, 0x0000000086b80000, 0x00000000d5d00000)
  object space 87552K, 12% used [0x0000000081600000,0x00000000820f6150,0x0000000086b80000)
 Metaspace       used 20685K, capacity 20888K, committed 20992K, reserved 1067008K
  class space    used 2521K, capacity 2555K, committed 2560K, reserved 1048576K
Event: 5.239 GC heap after
Heap after GC invocations=5 (full 0):
 PSYoungGen      total 71680K, used 5116K [0x00000000d5d00000, 0x00000000df500000, 0x0000000100000000)
  eden space 66560K, 0% used [0x00000000d5d00000,0x00000000d5d00000,0x00000000d9e00000)
  from space 5120K, 99% used [0x00000000d9e00000,0x00000000da2ff350,0x00000000da300000)
  to   space 11264K, 0% used [0x00000000dea00000,0x00000000dea00000,0x00000000df500000)
 ParOldGen       total 87552K, used 15259K [0x0000000081600000, 0x0000000086b80000, 0x00000000d5d00000)
  object space 87552K, 17% used [0x0000000081600000,0x00000000824e6cc0,0x0000000086b80000)
 Metaspace       used 20685K, capacity 20888K, committed 20992K, reserved 1067008K
  class space    used 2521K, capacity 2555K, committed 2560K, reserved 1048576K
}
Event: 5.293 GC heap before
{Heap before GC invocations=6 (full 0):
 PSYoungGen      total 71680K, used 7492K [0x00000000d5d00000, 0x00000000df500000, 0x0000000100000000)
  eden space 66560K, 3% used [0x00000000d5d00000,0x00000000d5f51df8,0x00000000d9e00000)
  from space 5120K, 99% used [0x00000000d9e00000,0x00000000da2ff350,0x00000000da300000)
  to   space 11264K, 0% used [0x00000000dea00000,0x00000000dea00000,0x00000000df500000)
 ParOldGen       total 87552K, used 15259K [0x0000000081600000, 0x0000000086b80000, 0x00000000d5d00000)
  object space 87552K, 17% used [0x0000000081600000,0x00000000824e6cc0,0x0000000086b80000)
 Metaspace       used 20878K, capacity 21048K, committed 21296K, reserved 1069056K
  class space    used 2545K, capacity 2587K, committed 2688K, reserved 1048576K
Event: 5.305 GC heap after
Heap after GC invocations=6 (full 0):
 PSYoungGen      total 143872K, used 5372K [0x00000000d5d00000, 0x00000000df600000, 0x0000000100000000)
  eden space 132608K, 0% used [0x00000000d5d00000,0x00000000d5d00000,0x00000000dde80000)
  from space 11264K, 47% used [0x00000000dea00000,0x00000000def3f350,0x00000000df500000)
  to   space 11776K, 0% used [0x00000000dde80000,0x00000000dde80000,0x00000000dea00000)
 ParOldGen       total 87552K, used 15267K [0x0000000081600000, 0x0000000086b80000, 0x00000000d5d00000)
  object space 87552K, 17% used [0x0000000081600000,0x00000000824e8cc0,0x0000000086b80000)
 Metaspace       used 20878K, capacity 21048K, committed 21296K, reserved 1069056K
  class space    used 2545K, capacity 2587K, committed 2688K, reserved 1048576K
}
Event: 5.305 GC heap before
{Heap before GC invocations=7 (full 1):
 PSYoungGen      total 143872K, used 5372K [0x00000000d5d00000, 0x00000000df600000, 0x0000000100000000)
  eden space 132608K, 0% used [0x00000000d5d00000,0x00000000d5d00000,0x00000000dde80000)
  from space 11264K, 47% used [0x00000000dea00000,0x00000000def3f350,0x00000000df500000)
  to   space 11776K, 0% used [0x00000000dde80000,0x00000000dde80000,0x00000000dea00000)
 ParOldGen       total 87552K, used 15267K [0x0000000081600000, 0x0000000086b80000, 0x00000000d5d00000)
  object space 87552K, 17% used [0x0000000081600000,0x00000000824e8cc0,0x0000000086b80000)
 Metaspace       used 20878K, capacity 21048K, committed 21296K, reserved 1069056K
  class space    used 2545K, capacity 2587K, committed 2688K, reserved 1048576K
Event: 5.360 GC heap after
Heap after GC invocations=7 (full 1):
 PSYoungGen      total 143872K, used 0K [0x00000000d5d00000, 0x00000000df600000, 0x0000000100000000)
  eden space 132608K, 0% used [0x00000000d5d00000,0x00000000d5d00000,0x00000000dde80000)
  from space 11264K, 0% used [0x00000000dea00000,0x00000000dea00000,0x00000000df500000)
  to   space 11776K, 0% used [0x00000000dde80000,0x00000000dde80000,0x00000000dea00000)
 ParOldGen       total 55296K, used 9536K [0x0000000081600000, 0x0000000084c00000, 0x00000000d5d00000)
  object space 55296K, 17% used [0x0000000081600000,0x0000000081f50278,0x0000000084c00000)
 Metaspace       used 20878K, capacity 21048K, committed 21296K, reserved 1069056K
  class space    used 2545K, capacity 2587K, committed 2688K, reserved 1048576K
}

